<?xml version="1.0" encoding="UTF-8"?>
<!-- Generated by org.testng.reporters.JUnitXMLReporter -->
<testsuite hostname="aida-PC" ignored="1" tests="1" failures="1" timestamp="16 May 2020 07:44:11 GMT" time="12.583" errors="0">
  <testcase name="changeCurrencyInSetting_shouldLeadTo_NewCurrencyValueShown" time="0.024" classname="AmazonScenarioTwoAndThreeTest">
    <failure type="java.lang.Error" message="Unresolved compilation problems: 
	AED_CURRENCY_COUNTRY cannot be resolved to a variable
	AED_CURRECNY_SYMBOL cannot be resolved to a variable
	AED_CURRECNY_SYMBOL cannot be resolved to a variable
">
      <![CDATA[java.lang.Error: Unresolved compilation problems: 
AED_CURRENCY_COUNTRY cannot be resolved to a variable
AED_CURRECNY_SYMBOL cannot be resolved to a variable
AED_CURRECNY_SYMBOL cannot be resolved to a variable

at AmazonScenarioTwoAndThreeTest.changeCurrencyInSetting_shouldLeadTo_NewCurrencyValueShown(AmazonScenarioTwoAndThreeTest.java:38)
at sun.reflect.NativeMethodAccessorImpl.invoke0(Native Method)
at sun.reflect.NativeMethodAccessorImpl.invoke(NativeMethodAccessorImpl.java:62)
at sun.reflect.DelegatingMethodAccessorImpl.invoke(DelegatingMethodAccessorImpl.java:43)
at java.lang.reflect.Method.invoke(Method.java:498)
at org.testng.internal.MethodInvocationHelper.invokeMethod(MethodInvocationHelper.java:124)
at org.testng.internal.Invoker.invokeMethod(Invoker.java:580)
at org.testng.internal.Invoker.invokeTestMethod(Invoker.java:716)
at org.testng.internal.Invoker.invokeTestMethods(Invoker.java:988)
at org.testng.internal.TestMethodWorker.invokeTestMethods(TestMethodWorker.java:125)
at org.testng.internal.TestMethodWorker.run(TestMethodWorker.java:109)
at org.testng.TestRunner.privateRun(TestRunner.java:648)
at org.testng.TestRunner.run(TestRunner.java:505)
at org.testng.SuiteRunner.runTest(SuiteRunner.java:455)
at org.testng.SuiteRunner.runSequentially(SuiteRunner.java:450)
at org.testng.SuiteRunner.privateRun(SuiteRunner.java:415)
at org.testng.SuiteRunner.run(SuiteRunner.java:364)
at org.testng.SuiteRunnerWorker.runSuite(SuiteRunnerWorker.java:52)
at org.testng.SuiteRunnerWorker.run(SuiteRunnerWorker.java:84)
at org.testng.TestNG.runSuitesSequentially(TestNG.java:1208)
at org.testng.TestNG.runSuitesLocally(TestNG.java:1137)
at org.testng.TestNG.runSuites(TestNG.java:1049)
at org.testng.TestNG.run(TestNG.java:1017)
at org.testng.remote.AbstractRemoteTestNG.run(AbstractRemoteTestNG.java:114)
at org.testng.remote.RemoteTestNG.initAndRun(RemoteTestNG.java:251)
at org.testng.remote.RemoteTestNG.main(RemoteTestNG.java:77)
]]>
    </failure>
  </testcase> <!-- changeCurrencyInSetting_shouldLeadTo_NewCurrencyValueShown -->
  <testcase name="searchTVCategory_shouldLeadTo_CorrectNumberOfResultsShown" time="0.0" classname="AmazonScenarioTwoAndThreeTest">
    <ignored/>
  </testcase> <!-- searchTVCategory_shouldLeadTo_CorrectNumberOfResultsShown -->
</testsuite>
