<?xml version="1.0" encoding="UTF-8"?>
<!-- Generated by org.testng.reporters.JUnitXMLReporter -->
<testsuite hostname="aida-PC" failures="0" tests="3" name="Command line test" time="106.993" errors="0" timestamp="16 May 2020 07:51:56 GMT">
  <testcase classname="AmazonScenarioOneTest" name="newUserCreated_shouldLeadTo_ZeroGiftCardBalance" time="8.54"/>
  <testcase classname="AmazonScenarioTwoAndThreeTest" name="changeCurrencyInSetting_shouldLeadTo_NewCurrencyValueShown" time="49.912"/>
  <testcase classname="AmazonScenarioTwoAndThreeTest" name="searchTVCategory_shouldLeadTo_CorrectNumberOfResultsShown" time="12.395"/>
</testsuite> <!-- Command line test -->
