<?xml version="1.0" encoding="UTF-8"?>
<!-- Generated by org.testng.reporters.JUnitXMLReporter -->
<testsuite hostname="aida-PC" failures="0" tests="3" name="Command line test" time="82.873" errors="0" timestamp="16 May 2020 09:03:25 GMT">
  <testcase classname="AmazonScenarioOneTest" name="newUserCreated_shouldLeadTo_ZeroGiftCardBalance" time="8.912"/>
  <testcase classname="AmazonScenarioTwoAndThreeTest" name="changeCurrencyInSetting_shouldLeadTo_NewCurrencyValueShown" time="12.056"/>
  <testcase classname="AmazonScenarioTwoAndThreeTest" name="searchTVCategory_shouldLeadTo_CorrectNumberOfResultsShown" time="13.637"/>
</testsuite> <!-- Command line test -->
