<?xml version="1.0" encoding="UTF-8"?>
<testng-results total="3" passed="3" failed="0" skipped="0">
  <reporter-output>
  </reporter-output>
  <suite started-at="2020-05-16T07:50:09Z" name="Command line suite" finished-at="2020-05-16T07:51:56Z" duration-ms="106993">
    <groups>
    </groups>
    <test started-at="2020-05-16T07:50:09Z" name="Command line test" finished-at="2020-05-16T07:51:56Z" duration-ms="106993">
      <class name="AmazonScenarioTwoAndThreeTest">
        <test-method is-config="true" signature="setUp()[pri:0, instance:AmazonScenarioTwoAndThreeTest@7113b13f]" started-at="2020-05-16T03:50:31Z" name="setUp" finished-at="2020-05-16T03:50:43Z" duration-ms="11492" status="PASS">
          <reporter-output>
          </reporter-output>
        </test-method> <!-- setUp -->
        <test-method signature="changeCurrencyInSetting_shouldLeadTo_NewCurrencyValueShown()[pri:0, instance:AmazonScenarioTwoAndThreeTest@7113b13f]" started-at="2020-05-16T03:50:43Z" name="changeCurrencyInSetting_shouldLeadTo_NewCurrencyValueShown" finished-at="2020-05-16T03:51:32Z" duration-ms="49912" status="PASS">
          <reporter-output>
          </reporter-output>
        </test-method> <!-- changeCurrencyInSetting_shouldLeadTo_NewCurrencyValueShown -->
        <test-method is-config="true" signature="setUp()[pri:0, instance:AmazonScenarioTwoAndThreeTest@7113b13f]" started-at="2020-05-16T03:51:32Z" name="setUp" finished-at="2020-05-16T03:51:44Z" duration-ms="11283" status="PASS">
          <reporter-output>
          </reporter-output>
        </test-method> <!-- setUp -->
        <test-method signature="searchTVCategory_shouldLeadTo_CorrectNumberOfResultsShown()[pri:0, instance:AmazonScenarioTwoAndThreeTest@7113b13f]" started-at="2020-05-16T03:51:44Z" name="searchTVCategory_shouldLeadTo_CorrectNumberOfResultsShown" finished-at="2020-05-16T03:51:56Z" duration-ms="12395" status="PASS">
          <reporter-output>
          </reporter-output>
        </test-method> <!-- searchTVCategory_shouldLeadTo_CorrectNumberOfResultsShown -->
      </class> <!-- AmazonScenarioTwoAndThreeTest -->
      <class name="AmazonScenarioOneTest">
        <test-method is-config="true" signature="setUp()[pri:0, instance:AmazonScenarioOneTest@1a3869f4]" started-at="2020-05-16T03:50:09Z" name="setUp" finished-at="2020-05-16T03:50:22Z" duration-ms="13354" status="PASS">
          <reporter-output>
          </reporter-output>
        </test-method> <!-- setUp -->
        <test-method signature="newUserCreated_shouldLeadTo_ZeroGiftCardBalance()[pri:0, instance:AmazonScenarioOneTest@1a3869f4]" started-at="2020-05-16T03:50:22Z" name="newUserCreated_shouldLeadTo_ZeroGiftCardBalance" finished-at="2020-05-16T03:50:31Z" duration-ms="8540" status="PASS">
          <reporter-output>
          </reporter-output>
        </test-method> <!-- newUserCreated_shouldLeadTo_ZeroGiftCardBalance -->
      </class> <!-- AmazonScenarioOneTest -->
    </test> <!-- Command line test -->
  </suite> <!-- Command line suite -->
</testng-results>
