<?xml version="1.0" encoding="UTF-8" ?>
<testsuite tests="3" failures="0" name="TestSuite" time="70.856" errors="0" skipped="0">
  <properties>
[...]
</properties>
  <testcase classname="AmazonScenarioOneTest" name="newUserCreated_shouldLeadTo_ZeroGiftCardBalance" time="8.548"/>
  <testcase classname="AmazonScenarioTwoAndThreeTest" name="changeCurrencyInSetting_shouldLeadTo_NewCurrencyValueShown" time="49.913"/>
  <testcase classname="AmazonScenarioTwoAndThreeTest" name="searchTVCategory_shouldLeadTo_CorrectNumberOfResultsShown" time="12.395"/>
</testsuite>