<?xml version="1.0" encoding="UTF-8"?>
<testng-results ignored="0" total="1" passed="1" failed="0" skipped="0">
  <reporter-output>
  </reporter-output>
  <suite started-at="2020-05-16T10:06:09Z" name="Default suite" finished-at="2020-05-16T10:06:34Z" duration-ms="25794">
    <groups>
    </groups>
    <test started-at="2020-05-16T10:06:09Z" name="Default test" finished-at="2020-05-16T10:06:34Z" duration-ms="25794">
      <class name="AmazonScenarioOneTest">
        <test-method is-config="true" signature="setUp()[pri:0, instance:AmazonScenarioOneTest@7d3a22a9]" started-at="2020-05-16T10:06:09Z" name="setUp" finished-at="2020-05-16T10:06:23Z" duration-ms="14676" status="PASS">
          <reporter-output>
          </reporter-output>
        </test-method> <!-- setUp -->
        <test-method signature="newUserCreated_shouldLeadTo_ZeroGiftCardBalance()[pri:0, instance:AmazonScenarioOneTest@7d3a22a9]" started-at="2020-05-16T10:06:23Z" name="newUserCreated_shouldLeadTo_ZeroGiftCardBalance" finished-at="2020-05-16T10:06:34Z" duration-ms="11081" status="PASS">
          <reporter-output>
          </reporter-output>
        </test-method> <!-- newUserCreated_shouldLeadTo_ZeroGiftCardBalance -->
      </class> <!-- AmazonScenarioOneTest -->
    </test> <!-- Default test -->
  </suite> <!-- Default suite -->
</testng-results>
